2023-10-25 10:59:56.433 [info] Log level: Info
2023-10-25 10:59:56.433 [info] Validating found git in: "git"
2023-10-25 10:59:56.433 [info] Using git "2.17.1" from "git"
2023-10-25 10:59:56.433 [info] > git rev-parse --show-toplevel [274ms]
2023-10-25 10:59:56.433 [info] fatal: not a git repository (or any of the parent directories): .git
2023-10-25 10:59:56.433 [info] > git rev-parse --show-toplevel [2ms]
2023-10-25 10:59:56.433 [info] fatal: not a git repository (or any of the parent directories): .git
2023-10-25 10:59:56.433 [info] > git rev-parse --show-toplevel [283ms]
2023-10-25 10:59:56.433 [info] fatal: not a git repository (or any of the parent directories): .git
2023-10-25 10:59:56.433 [info] > git rev-parse --show-toplevel [2ms]
2023-10-25 10:59:56.433 [info] fatal: not a git repository (or any of the parent directories): .git
2023-10-25 10:59:56.451 [info] > git rev-parse --show-toplevel [1ms]
2023-10-25 10:59:56.451 [info] fatal: not a git repository (or any of the parent directories): .git
2023-10-25 10:59:56.496 [info] > git rev-parse --show-toplevel [31ms]
2023-10-25 10:59:56.496 [info] fatal: not a git repository (or any of the parent directories): .git
2023-10-25 10:59:56.516 [info] > git rev-parse --show-toplevel [0ms]
2023-10-25 10:59:56.516 [info] fatal: not a git repository (or any of the parent directories): .git
2023-10-25 10:59:56.532 [info] > git rev-parse --show-toplevel [2ms]
2023-10-25 10:59:56.532 [info] fatal: not a git repository (or any of the parent directories): .git
2023-10-25 10:59:57.143 [info] > git rev-parse --show-toplevel [1ms]
2023-10-25 10:59:57.143 [info] fatal: not a git repository (or any of the parent directories): .git
2023-10-25 10:59:57.162 [info] > git rev-parse --show-toplevel [1ms]
2023-10-25 10:59:57.162 [info] fatal: not a git repository (or any of the parent directories): .git
