2023-10-25 09:36:15.830 [info] Log level: Info
2023-10-25 09:36:15.830 [info] Validating found git in: "git"
2023-10-25 09:36:15.830 [info] Using git "2.17.1" from "git"
2023-10-25 09:36:15.830 [info] > git rev-parse --show-toplevel [1ms]
2023-10-25 09:36:15.830 [info] fatal: not a git repository (or any of the parent directories): .git
2023-10-25 09:36:15.830 [info] > git rev-parse --show-toplevel [1ms]
2023-10-25 09:36:15.830 [info] fatal: not a git repository (or any of the parent directories): .git
2023-10-25 09:36:15.830 [info] > git rev-parse --show-toplevel [1ms]
2023-10-25 09:36:15.830 [info] fatal: not a git repository (or any of the parent directories): .git
2023-10-25 09:36:15.830 [info] > git rev-parse --show-toplevel [1ms]
2023-10-25 09:36:15.830 [info] fatal: not a git repository (or any of the parent directories): .git
2023-10-25 10:07:31.818 [info] > git rev-parse --show-toplevel [1ms]
2023-10-25 10:07:31.818 [info] fatal: not a git repository (or any of the parent directories): .git
2023-10-25 10:34:43.936 [info] > git rev-parse --show-toplevel [2ms]
2023-10-25 10:34:43.936 [info] fatal: not a git repository (or any of the parent directories): .git
2023-10-25 10:37:03.731 [info] > git rev-parse --show-toplevel [1ms]
2023-10-25 10:37:03.731 [info] fatal: not a git repository (or any of the parent directories): .git
2023-10-25 10:37:03.773 [info] > git rev-parse --show-toplevel [2ms]
2023-10-25 10:37:03.773 [info] fatal: not a git repository (or any of the parent directories): .git
2023-10-25 10:37:48.331 [info] > git rev-parse --show-toplevel [2ms]
2023-10-25 10:37:48.331 [info] fatal: not a git repository (or any of the parent directories): .git
2023-10-25 10:37:48.360 [info] > git rev-parse --show-toplevel [2ms]
2023-10-25 10:37:48.360 [info] fatal: not a git repository (or any of the parent directories): .git
