*
* Visual Studio Code Server
*
* By using the software, you agree to
* the Visual Studio Code Server License Terms (https://aka.ms/vscode-server-license) and
* the Microsoft Privacy Statement (https://privacy.microsoft.com/en-US/privacystatement).
*
Server bound to 127.0.0.1:42827 (IPv4)
Extension host agent listening on 42827

[02:51:10] 




[02:51:10] Extension host agent started.
[02:51:10] [127.0.0.1][682853ab][ManagementConnection] New connection established.
[02:51:10] [127.0.0.1][9546eeda][ExtensionHostConnection] New connection established.
[02:51:10] [127.0.0.1][9546eeda][ExtensionHostConnection] <9724> Launched Extension Host Process.
rejected promise not handled within 1 second: CodeExpectedError: Could not find pty on pty host
stack trace: CodeExpectedError: Could not find pty on pty host
    at A.U (/root/.vscode-server/bin/f1b07bd25dfad64b0167beb15359ae573aecd2cc/out/vs/platform/terminal/node/ptyHostMain.js:44:32246)
    at A.updateTitle (/root/.vscode-server/bin/f1b07bd25dfad64b0167beb15359ae573aecd2cc/out/vs/platform/terminal/node/ptyHostMain.js:44:27446)
    at V.<computed> (/root/.vscode-server/bin/f1b07bd25dfad64b0167beb15359ae573aecd2cc/out/vs/platform/terminal/node/ptyHostMain.js:44:22715)
    at Object.call (/root/.vscode-server/bin/f1b07bd25dfad64b0167beb15359ae573aecd2cc/out/vs/platform/terminal/node/ptyHostMain.js:34:5059)
    at h.s (/root/.vscode-server/bin/f1b07bd25dfad64b0167beb15359ae573aecd2cc/out/vs/platform/terminal/node/ptyHostMain.js:32:5150)
    at h.q (/root/.vscode-server/bin/f1b07bd25dfad64b0167beb15359ae573aecd2cc/out/vs/platform/terminal/node/ptyHostMain.js:32:4661)
    at g.value (/root/.vscode-server/bin/f1b07bd25dfad64b0167beb15359ae573aecd2cc/out/vs/platform/terminal/node/ptyHostMain.js:32:4066)
    at n.z (/root/.vscode-server/bin/f1b07bd25dfad64b0167beb15359ae573aecd2cc/out/vs/platform/terminal/node/ptyHostMain.js:27:1902)
    at n.fire (/root/.vscode-server/bin/f1b07bd25dfad64b0167beb15359ae573aecd2cc/out/vs/platform/terminal/node/ptyHostMain.js:27:2119)
    at process.he (/root/.vscode-server/bin/f1b07bd25dfad64b0167beb15359ae573aecd2cc/out/vs/platform/terminal/node/ptyHostMain.js:25:9949)
    at process.emit (node:events:513:28)
    at emit (node:internal/child_process:937:14)
    at process.processTicksAndRejections (node:internal/process/task_queues:83:21)
[02:51:13] Error [CodeExpectedError]: Could not find pty on pty host
    at A.U (/root/.vscode-server/bin/f1b07bd25dfad64b0167beb15359ae573aecd2cc/out/vs/platform/terminal/node/ptyHostMain.js:44:32246)
    at A.updateTitle (/root/.vscode-server/bin/f1b07bd25dfad64b0167beb15359ae573aecd2cc/out/vs/platform/terminal/node/ptyHostMain.js:44:27446)
    at V.<computed> (/root/.vscode-server/bin/f1b07bd25dfad64b0167beb15359ae573aecd2cc/out/vs/platform/terminal/node/ptyHostMain.js:44:22715)
    at Object.call (/root/.vscode-server/bin/f1b07bd25dfad64b0167beb15359ae573aecd2cc/out/vs/platform/terminal/node/ptyHostMain.js:34:5059)
    at h.s (/root/.vscode-server/bin/f1b07bd25dfad64b0167beb15359ae573aecd2cc/out/vs/platform/terminal/node/ptyHostMain.js:32:5150)
    at h.q (/root/.vscode-server/bin/f1b07bd25dfad64b0167beb15359ae573aecd2cc/out/vs/platform/terminal/node/ptyHostMain.js:32:4661)
    at g.value (/root/.vscode-server/bin/f1b07bd25dfad64b0167beb15359ae573aecd2cc/out/vs/platform/terminal/node/ptyHostMain.js:32:4066)
    at n.z (/root/.vscode-server/bin/f1b07bd25dfad64b0167beb15359ae573aecd2cc/out/vs/platform/terminal/node/ptyHostMain.js:27:1902)
    at n.fire (/root/.vscode-server/bin/f1b07bd25dfad64b0167beb15359ae573aecd2cc/out/vs/platform/terminal/node/ptyHostMain.js:27:2119)
    at process.he (/root/.vscode-server/bin/f1b07bd25dfad64b0167beb15359ae573aecd2cc/out/vs/platform/terminal/node/ptyHostMain.js:25:9949)
    at process.emit (node:events:513:28)
    at emit (node:internal/child_process:937:14)
    at process.processTicksAndRejections (node:internal/process/task_queues:83:21)
rejected promise not handled within 1 second: CodeExpectedError: Could not find pty on pty host
stack trace: CodeExpectedError: Could not find pty on pty host
    at A.U (/root/.vscode-server/bin/f1b07bd25dfad64b0167beb15359ae573aecd2cc/out/vs/platform/terminal/node/ptyHostMain.js:44:32246)
    at A.updateIcon (/root/.vscode-server/bin/f1b07bd25dfad64b0167beb15359ae573aecd2cc/out/vs/platform/terminal/node/ptyHostMain.js:44:27496)
    at V.<computed> (/root/.vscode-server/bin/f1b07bd25dfad64b0167beb15359ae573aecd2cc/out/vs/platform/terminal/node/ptyHostMain.js:44:22715)
    at Object.call (/root/.vscode-server/bin/f1b07bd25dfad64b0167beb15359ae573aecd2cc/out/vs/platform/terminal/node/ptyHostMain.js:34:5059)
    at h.s (/root/.vscode-server/bin/f1b07bd25dfad64b0167beb15359ae573aecd2cc/out/vs/platform/terminal/node/ptyHostMain.js:32:5150)
    at h.q (/root/.vscode-server/bin/f1b07bd25dfad64b0167beb15359ae573aecd2cc/out/vs/platform/terminal/node/ptyHostMain.js:32:4661)
    at g.value (/root/.vscode-server/bin/f1b07bd25dfad64b0167beb15359ae573aecd2cc/out/vs/platform/terminal/node/ptyHostMain.js:32:4066)
    at n.z (/root/.vscode-server/bin/f1b07bd25dfad64b0167beb15359ae573aecd2cc/out/vs/platform/terminal/node/ptyHostMain.js:27:1902)
    at n.fire (/root/.vscode-server/bin/f1b07bd25dfad64b0167beb15359ae573aecd2cc/out/vs/platform/terminal/node/ptyHostMain.js:27:2119)
    at process.he (/root/.vscode-server/bin/f1b07bd25dfad64b0167beb15359ae573aecd2cc/out/vs/platform/terminal/node/ptyHostMain.js:25:9949)
    at process.emit (node:events:513:28)
    at emit (node:internal/child_process:937:14)
    at process.processTicksAndRejections (node:internal/process/task_queues:83:21)
[02:51:13] Error [CodeExpectedError]: Could not find pty on pty host
    at A.U (/root/.vscode-server/bin/f1b07bd25dfad64b0167beb15359ae573aecd2cc/out/vs/platform/terminal/node/ptyHostMain.js:44:32246)
    at A.updateIcon (/root/.vscode-server/bin/f1b07bd25dfad64b0167beb15359ae573aecd2cc/out/vs/platform/terminal/node/ptyHostMain.js:44:27496)
    at V.<computed> (/root/.vscode-server/bin/f1b07bd25dfad64b0167beb15359ae573aecd2cc/out/vs/platform/terminal/node/ptyHostMain.js:44:22715)
    at Object.call (/root/.vscode-server/bin/f1b07bd25dfad64b0167beb15359ae573aecd2cc/out/vs/platform/terminal/node/ptyHostMain.js:34:5059)
    at h.s (/root/.vscode-server/bin/f1b07bd25dfad64b0167beb15359ae573aecd2cc/out/vs/platform/terminal/node/ptyHostMain.js:32:5150)
    at h.q (/root/.vscode-server/bin/f1b07bd25dfad64b0167beb15359ae573aecd2cc/out/vs/platform/terminal/node/ptyHostMain.js:32:4661)
    at g.value (/root/.vscode-server/bin/f1b07bd25dfad64b0167beb15359ae573aecd2cc/out/vs/platform/terminal/node/ptyHostMain.js:32:4066)
    at n.z (/root/.vscode-server/bin/f1b07bd25dfad64b0167beb15359ae573aecd2cc/out/vs/platform/terminal/node/ptyHostMain.js:27:1902)
    at n.fire (/root/.vscode-server/bin/f1b07bd25dfad64b0167beb15359ae573aecd2cc/out/vs/platform/terminal/node/ptyHostMain.js:27:2119)
    at process.he (/root/.vscode-server/bin/f1b07bd25dfad64b0167beb15359ae573aecd2cc/out/vs/platform/terminal/node/ptyHostMain.js:25:9949)
    at process.emit (node:events:513:28)
    at emit (node:internal/child_process:937:14)
    at process.processTicksAndRejections (node:internal/process/task_queues:83:21)
[02:52:11] [127.0.0.1][682853ab][ManagementConnection] The client has disconnected gracefully, so the connection will be disposed.
[02:52:11] [127.0.0.1][9546eeda][ExtensionHostConnection] <9724> Extension Host Process exited with code: 0, signal: null.
Cancelling previous shutdown timeout
[02:52:11] Cancelling previous shutdown timeout
Last EH closed, waiting before shutting down
[02:52:11] Last EH closed, waiting before shutting down
Got delay-shutdown request while in shutdown timeout, delaying
[02:52:31] Got delay-shutdown request while in shutdown timeout, delaying
Cancelling previous shutdown timeout
[02:52:31] Cancelling previous shutdown timeout
[02:52:32] [127.0.0.1][4810273e][ManagementConnection] New connection established.
[02:52:32] [127.0.0.1][2afdebcc][ExtensionHostConnection] New connection established.
[02:52:32] [127.0.0.1][2afdebcc][ExtensionHostConnection] <9955> Launched Extension Host Process.
New EH opened, aborting shutdown
[02:57:31] New EH opened, aborting shutdown
